This is pdfTeX, Version 3.14159265-2.6-1.40.17 (TeX Live 2016) (preloaded format=pdflatex 2017.8.16)  28 NOV 2017 13:56
entering extended mode
 restricted \write18 enabled.
 %&-line parsing enabled.
**main.cpp
(./main.cpp
LaTeX2e <2016/03/31>
Babel <3.9r> and hyphenation patterns for 80 language(s) loaded.
! You can't use `macro parameter character #' in vertical mode.
l.1 #
     include <iostream>
? 
! Interruption.
<to be read again> 
                   i
l.1 #i
      nclude <iostream>
? 

! LaTeX Error: Missing \begin{document}.

See the LaTeX manual or LaTeX Companion for explanation.
Type  H <return>  for immediate help.
 ...                                              
                                                  
l.1 #i
      nclude <iostream>
? X
 
Here is how much of TeX's memory you used:
 7 strings out of 493039
 252 string characters out of 6136943
 53015 words of memory out of 5000000
 3649 multiletter control sequences out of 15000+600000
 3640 words of font info for 14 fonts, out of 8000000 for 9000
 1137 hyphenation exceptions out of 8191
 5i,0n,4p,32b,14s stack positions out of 5000i,500n,10000p,200000b,80000s
No pages of output.
PDF statistics:
 0 PDF objects out of 1000 (max. 8388607)
 0 named destinations out of 1000 (max. 500000)
 1 words of extra memory for PDF output out of 10000 (max. 10000000)

